[2025-11-05 16:05:52] CB error: doctorsByClinic(): Return value must be of type array, int returned
[2025-11-05 16:10:54] CB error: doctorsByClinic(): Return value must be of type array, int returned
[2025-11-05 16:12:00] CB error: doctorsByClinic(): Return value must be of type array, int returned
[2025-11-05 16:18:35] CB error: doctorsByClinic(): Return value must be of type array, int returned
[2025-11-06 13:12:29] CB error: Undefined constant "REF_DIR__"
[2025-11-06 13:13:30] CB error: Undefined constant "REF_DIR__"
[2025-11-06 13:13:37] CB error: Undefined constant "REF_DIR__"
[2025-11-07 11:22:38] CB error: Undefined constant "REF_DIR__"
[2025-11-07 11:25:31] CB error: Undefined constant "REF_DIR__"
[2025-11-07 18:08:58] FATAL: Uncaught Error: Call to undefined function handleUpdate() in /home/d/dmitra0z/klever27.ru/public_html/bot/index.php:35
Stack trace:
#0 {main}
  thrown @ /home/d/dmitra0z/klever27.ru/public_html/bot/index.php:35
[2025-11-07 18:08:58] FATAL: Uncaught Error: Call to undefined function handleUpdate() in /home/d/dmitra0z/klever27.ru/public_html/bot/index.php:35
Stack trace:
#0 {main}
  thrown @ /home/d/dmitra0z/klever27.ru/public_html/bot/index.php:35
[2025-11-07 18:09:01] FATAL: Uncaught Error: Call to undefined function handleUpdate() in /home/d/dmitra0z/klever27.ru/public_html/bot/index.php:35
Stack trace:
#0 {main}
  thrown @ /home/d/dmitra0z/klever27.ru/public_html/bot/index.php:35
[2025-11-07 18:09:05] FATAL: Uncaught Error: Call to undefined function handleUpdate() in /home/d/dmitra0z/klever27.ru/public_html/bot/index.php:35
Stack trace:
#0 {main}
  thrown @ /home/d/dmitra0z/klever27.ru/public_html/bot/index.php:35
[2025-11-07 18:09:14] FATAL: Uncaught Error: Call to undefined function handleUpdate() in /home/d/dmitra0z/klever27.ru/public_html/bot/index.php:35
Stack trace:
#0 {main}
  thrown @ /home/d/dmitra0z/klever27.ru/public_html/bot/index.php:35
[2025-11-07 18:09:30] FATAL: Uncaught Error: Call to undefined function handleUpdate() in /home/d/dmitra0z/klever27.ru/public_html/bot/index.php:35
Stack trace:
#0 {main}
  thrown @ /home/d/dmitra0z/klever27.ru/public_html/bot/index.php:35
[2025-11-07 18:10:03] FATAL: Uncaught Error: Call to undefined function handleUpdate() in /home/d/dmitra0z/klever27.ru/public_html/bot/index.php:35
Stack trace:
#0 {main}
  thrown @ /home/d/dmitra0z/klever27.ru/public_html/bot/index.php:35
[2025-11-07 18:11:07] FATAL: Uncaught Error: Call to undefined function handleUpdate() in /home/d/dmitra0z/klever27.ru/public_html/bot/index.php:35
Stack trace:
#0 {main}
  thrown @ /home/d/dmitra0z/klever27.ru/public_html/bot/index.php:35
[2025-11-07 18:12:38] FATAL: Uncaught Error: Call to undefined function handleUpdate() in /home/d/dmitra0z/klever27.ru/public_html/bot/index.php:35
Stack trace:
#0 {main}
  thrown @ /home/d/dmitra0z/klever27.ru/public_html/bot/index.php:35
